[PREINITIALIZATION][CLIENT][INFO] Thank you to the Patreon supporters below and others who make CraftTweaker possible!
Jessie Sims
Quaternary
Pongo Sapiens
Ncc1702
NickT
Hooley
NerdyWhiteGuy
Phillip Swearingain
Jonathan McManus
Spencer Gilbert
Belathus
Jordan Pineo
AdaraChristine
Peregrinus11
DreamThorn
Genryu
Zuniroa
Br脙赂nsted
Ivy_
If you want to support the mod, checkout https://patreon.com/jaredlll08?s=crtmod

[PREINITIALIZATION][CLIENT][TRACE] Current loaders after merging: [[preinit]]
[PREINITIALIZATION][CLIENT][INFO] Loading scripts for loader with names [preinit]
[PREINITIALIZATION][CLIENT][TRACE] [preinit | SIDE_CLIENT]: Skipping file {[0:crafttweaker|reloadable]: MineTweakerRecipeMaker.zs} as we are currently loading with a different loader
[PREINITIALIZATION][CLIENT][TRACE] [preinit | SIDE_CLIENT]: Skipping file {[0:crafttweaker|reloadable]: 原版.zs} as we are currently loading with a different loader
[PREINITIALIZATION][CLIENT][TRACE] [preinit | SIDE_CLIENT]: Skipping file {[0:crafttweaker|reloadable]: 模块化机械.zs} as we are currently loading with a different loader
[PREINITIALIZATION][CLIENT][TRACE] Completed script loading in: 2ms
[PREINITIALIZATION][CLIENT][INFO] Hey! Here is ZenUtils.
[PREINITIALIZATION][CLIENT][TRACE] Current loaders after merging: [[preinit], [mekatweaker]]
[PREINITIALIZATION][CLIENT][INFO] Loading scripts for loader with names [mekatweaker]
[PREINITIALIZATION][CLIENT][TRACE] [mekatweaker | SIDE_CLIENT]: Skipping file {[0:crafttweaker|reloadable]: MineTweakerRecipeMaker.zs} as we are currently loading with a different loader
[PREINITIALIZATION][CLIENT][TRACE] [mekatweaker | SIDE_CLIENT]: Skipping file {[0:crafttweaker|reloadable]: 原版.zs} as we are currently loading with a different loader
[PREINITIALIZATION][CLIENT][TRACE] [mekatweaker | SIDE_CLIENT]: Skipping file {[0:crafttweaker|reloadable]: 模块化机械.zs} as we are currently loading with a different loader
[PREINITIALIZATION][CLIENT][TRACE] Completed script loading in: 0ms
[INITIALIZATION][CLIENT][INFO] CraftTweaker: Building registry
[INITIALIZATION][CLIENT][INFO] CraftTweaker: Successfully built item registry
[INITIALIZATION][CLIENT][TRACE] Current loaders after merging: [[preinit], [mekatweaker], [recipeevent | crafttweaker]]
[INITIALIZATION][CLIENT][INFO] Loading scripts for loader with names [crafttweaker | recipeevent]
[INITIALIZATION][CLIENT][TRACE] [crafttweaker | SIDE_CLIENT]: Loading Script: {[0:crafttweaker|reloadable]: MineTweakerRecipeMaker.zs}
[INITIALIZATION][CLIENT][TRACE] [crafttweaker | SIDE_CLIENT]: Loading Script: {[0:crafttweaker|reloadable]: 原版.zs}
[INITIALIZATION][CLIENT][TRACE] [crafttweaker | SIDE_CLIENT]: Loading Script: {[0:crafttweaker|reloadable]: 模块化机械.zs}
[INITIALIZATION][CLIENT][TRACE] Completed script loading in: 214ms
[POSTINITIALIZATION][CLIENT][INFO] Removing recipes for various outputs
[SERVER_STARTED][SERVER][FATAL] null
java.lang.NullPointerException
	at CrafttweakerReloadable原版0.handle(原版.zs:7)
	at CrafttweakerReloadable原版0.handle(原版.zs)
	at crafttweaker.util.EventList.publish(EventList.java:51)
	at crafttweaker.api.event.MTEventManager.publishEntityJoinWorld(MTEventManager.java:1845)
	at crafttweaker.mc1120.events.CommonEventHandler.onEntityJoinWorld(CommonEventHandler.java:689)
	at net.minecraftforge.fml.common.eventhandler.ASMEventHandler_1103_CommonEventHandler_onEntityJoinWorld_EntityJoinWorldEvent.invoke(.dynamic)
	at net.minecraftforge.fml.common.eventhandler.ASMEventHandler.invoke(ASMEventHandler.java:90)
	at net.minecraftforge.fml.common.eventhandler.EventBus.post(EventBus.java:182)
	at net.minecraft.world.World.func_72838_d(MixinWorldRedstone.java:1209)
	at net.minecraft.world.WorldServer.func_72838_d(WorldServer.java:1058)
	at net.minecraft.server.management.PlayerList.func_72377_c(PlayerList.java:377)
	at net.minecraft.server.management.PlayerList.initializeConnectionToPlayer(PlayerList.java:166)
	at net.minecraftforge.fml.common.network.handshake.NetworkDispatcher.completeServerSideConnection(NetworkDispatcher.java:255)
	at net.minecraftforge.fml.common.network.handshake.NetworkDispatcher.access$100(NetworkDispatcher.java:72)
	at net.minecraftforge.fml.common.network.handshake.NetworkDispatcher$1.func_73660_a(NetworkDispatcher.java:205)
	at net.minecraft.network.NetworkManager.func_74428_b(NetworkManager.java:285)
	at net.minecraft.network.NetworkSystem.func_151269_c(NetworkSystem.java:180)
	at net.minecraft.server.MinecraftServer.func_71190_q(MinecraftServer.java:790)
	at net.minecraft.server.MinecraftServer.func_71217_p(MinecraftServer.java:668)
	at net.minecraft.server.integrated.IntegratedServer.func_71217_p(IntegratedServer.java:279)
	at net.minecraft.server.MinecraftServer.run(MinecraftServer.java:526)
	at java.lang.Thread.run(Thread.java:748)
[SERVER_STARTED][CLIENT][FATAL] null
java.lang.NullPointerException
	at CrafttweakerReloadable原版0.handle(原版.zs:7)
	at CrafttweakerReloadable原版0.handle(原版.zs)
	at crafttweaker.util.EventList.publish(EventList.java:51)
	at crafttweaker.api.event.MTEventManager.publishEntityJoinWorld(MTEventManager.java:1845)
	at crafttweaker.mc1120.events.CommonEventHandler.onEntityJoinWorld(CommonEventHandler.java:689)
	at net.minecraftforge.fml.common.eventhandler.ASMEventHandler_1103_CommonEventHandler_onEntityJoinWorld_EntityJoinWorldEvent.invoke(.dynamic)
	at net.minecraftforge.fml.common.eventhandler.ASMEventHandler.invoke(ASMEventHandler.java:90)
	at net.minecraftforge.fml.common.eventhandler.EventBus.post(EventBus.java:182)
	at net.minecraft.world.World.func_72838_d(MixinWorldRedstone.java:1209)
	at net.minecraft.client.multiplayer.WorldClient.func_72838_d(WorldClient.java:259)
	at net.minecraft.client.Minecraft.func_71353_a(Minecraft.java:2523)
	at net.minecraft.client.Minecraft.func_71403_a(Minecraft.java:2430)
	at net.minecraft.client.network.NetHandlerPlayClient.func_147282_a(NetHandlerPlayClient.java:300)
	at net.minecraft.network.play.server.SPacketJoinGame.func_148833_a(SourceFile:76)
	at net.minecraft.network.play.server.SPacketJoinGame.func_148833_a(SourceFile:13)
	at net.minecraft.network.PacketThreadUtil$1.run(PacketThreadUtil.java:22)
	at java.util.concurrent.Executors$RunnableAdapter.call(Executors.java:511)
	at java.util.concurrent.FutureTask.run(FutureTask.java:266)
	at net.minecraft.util.Util.func_181617_a(Util.java:529)
	at net.minecraft.client.Minecraft.func_71411_J(Minecraft.java:1088)
	at net.minecraft.client.Minecraft.func_99999_d(Minecraft.java:3942)
	at net.minecraft.client.main.Main.main(SourceFile:123)
	at sun.reflect.NativeMethodAccessorImpl.invoke0(Native Method)
	at sun.reflect.NativeMethodAccessorImpl.invoke(NativeMethodAccessorImpl.java:62)
	at sun.reflect.DelegatingMethodAccessorImpl.invoke(DelegatingMethodAccessorImpl.java:43)
	at java.lang.reflect.Method.invoke(Method.java:498)
	at net.minecraft.launchwrapper.Launch.launch(Launch.java:135)
	at net.minecraft.launchwrapper.Launch.main(Launch.java:28)
